[debug] [2021-02-25T21:12:41.827Z] ----------------------------------------------------------------------
[debug] [2021-02-25T21:12:41.829Z] Command:       C:\Program Files\nodejs\node.exe C:\Users\Alejo\AppData\Roaming\npm\node_modules\firebase-tools\lib\bin\firebase.js deploy
[debug] [2021-02-25T21:12:41.830Z] CLI Version:   9.5.0
[debug] [2021-02-25T21:12:41.830Z] Platform:      win32
[debug] [2021-02-25T21:12:41.830Z] Node Version:  v14.15.4
[debug] [2021-02-25T21:12:41.831Z] Time:          Thu Feb 25 2021 16:12:41 GMT-0500 (hora estándar de Colombia)
[debug] [2021-02-25T21:12:41.831Z] ----------------------------------------------------------------------
[debug] [2021-02-25T21:12:41.831Z] 
[debug] [2021-02-25T21:12:41.838Z] > command requires scopes: ["email","openid","https://www.googleapis.com/auth/cloudplatformprojects.readonly","https://www.googleapis.com/auth/firebase","https://www.googleapis.com/auth/cloud-platform"]
[debug] [2021-02-25T21:12:41.839Z] > authorizing via signed-in user
[debug] [2021-02-25T21:12:41.839Z] [iam] checking project ubox-88d86 for permissions ["cloudfunctions.functions.create","cloudfunctions.functions.delete","cloudfunctions.functions.get","cloudfunctions.functions.list","cloudfunctions.functions.update","cloudfunctions.operations.get","datastore.indexes.create","datastore.indexes.delete","datastore.indexes.list","datastore.indexes.update","firebase.projects.get","firebasehosting.sites.update"]
[debug] [2021-02-25T21:12:41.842Z] >>> HTTP REQUEST POST https://cloudresourcemanager.googleapis.com/v1/projects/ubox-88d86:testIamPermissions  
 {"permissions":["cloudfunctions.functions.create","cloudfunctions.functions.delete","cloudfunctions.functions.get","cloudfunctions.functions.list","cloudfunctions.functions.update","cloudfunctions.operations.get","datastore.indexes.create","datastore.indexes.delete","datastore.indexes.list","datastore.indexes.update","firebase.projects.get","firebasehosting.sites.update"]}
[debug] [2021-02-25T21:12:42.410Z] <<< HTTP RESPONSE 200 {"content-type":"application/json; charset=UTF-8","vary":"X-Origin, Referer, Origin,Accept-Encoding","date":"Thu, 25 Feb 2021 21:12:41 GMT","server":"ESF","cache-control":"private","x-xss-protection":"0","x-frame-options":"SAMEORIGIN","x-content-type-options":"nosniff","server-timing":"gfet4t7; dur=352","alt-svc":"h3-29=\":443\"; ma=2592000,h3-T051=\":443\"; ma=2592000,h3-Q050=\":443\"; ma=2592000,h3-Q046=\":443\"; ma=2592000,h3-Q043=\":443\"; ma=2592000,quic=\":443\"; ma=2592000; v=\"46,43\"","accept-ranges":"none","transfer-encoding":"chunked"}
[debug] [2021-02-25T21:12:42.415Z] >>> HTTP REQUEST POST https://iam.googleapis.com/v1/projects/ubox-88d86/serviceAccounts/ubox-88d86@appspot.gserviceaccount.com:testIamPermissions  
 {"permissions":["iam.serviceAccounts.actAs"]}
[debug] [2021-02-25T21:12:42.912Z] <<< HTTP RESPONSE 200 {"content-type":"application/json; charset=UTF-8","vary":"X-Origin, Referer, Origin,Accept-Encoding","date":"Thu, 25 Feb 2021 21:12:42 GMT","server":"ESF","cache-control":"private","x-xss-protection":"0","x-frame-options":"SAMEORIGIN","x-content-type-options":"nosniff","alt-svc":"h3-29=\":443\"; ma=2592000,h3-T051=\":443\"; ma=2592000,h3-Q050=\":443\"; ma=2592000,h3-Q046=\":443\"; ma=2592000,h3-Q043=\":443\"; ma=2592000,quic=\":443\"; ma=2592000; v=\"46,43\"","accept-ranges":"none","transfer-encoding":"chunked"}
[debug] [2021-02-25T21:12:42.915Z] > refreshing access token with scopes: []
[debug] [2021-02-25T21:12:42.915Z] >>> HTTP REQUEST POST https://www.googleapis.com/oauth2/v3/token  
 <request body omitted>
[debug] [2021-02-25T21:12:43.109Z] <<< HTTP RESPONSE 200 {"cache-control":"no-cache, no-store, max-age=0, must-revalidate","expires":"Mon, 01 Jan 1990 00:00:00 GMT","pragma":"no-cache","date":"Thu, 25 Feb 2021 21:12:42 GMT","content-type":"application/json; charset=utf-8","vary":"X-Origin, Referer, Origin,Accept-Encoding","server":"scaffolding on HTTPServer2","x-xss-protection":"0","x-frame-options":"SAMEORIGIN","x-content-type-options":"nosniff","alt-svc":"h3-29=\":443\"; ma=2592000,h3-T051=\":443\"; ma=2592000,h3-Q050=\":443\"; ma=2592000,h3-Q046=\":443\"; ma=2592000,h3-Q043=\":443\"; ma=2592000,quic=\":443\"; ma=2592000; v=\"46,43\"","accept-ranges":"none","transfer-encoding":"chunked"}
[debug] [2021-02-25T21:12:43.118Z] >>> [apiv2][query] GET https://firebase.googleapis.com/v1beta1/projects/ubox-88d86 [none]
[debug] [2021-02-25T21:12:43.550Z] <<< [apiv2][status] GET https://firebase.googleapis.com/v1beta1/projects/ubox-88d86 200
[debug] [2021-02-25T21:12:43.550Z] <<< [apiv2][body] GET https://firebase.googleapis.com/v1beta1/projects/ubox-88d86 {"projectId":"ubox-88d86","projectNumber":"1056283689543","displayName":"ubox","name":"projects/ubox-88d86","resources":{"hostingSite":"ubox-88d86","storageBucket":"ubox-88d86.appspot.com","locationId":"us-central"},"state":"ACTIVE"}
[info] 
[info] === Deploying to 'ubox-88d86'...
[info] 
[info] i  deploying firestore, functions, hosting 
[info] i  firestore: reading indexes from firestore.indexes.json... 
[info] i  cloud.firestore: checking firestore.rules for compilation errors... 
[debug] [2021-02-25T21:12:47.173Z] > refreshing access token with scopes: ["email","https://www.googleapis.com/auth/cloud-platform","https://www.googleapis.com/auth/cloudplatformprojects.readonly","https://www.googleapis.com/auth/firebase","openid"]
[debug] [2021-02-25T21:12:47.173Z] >>> HTTP REQUEST POST https://www.googleapis.com/oauth2/v3/token  
 <request body omitted>
[debug] [2021-02-25T21:12:47.372Z] <<< HTTP RESPONSE 200 {"cache-control":"no-cache, no-store, max-age=0, must-revalidate","pragma":"no-cache","expires":"Mon, 01 Jan 1990 00:00:00 GMT","date":"Thu, 25 Feb 2021 21:12:46 GMT","content-type":"application/json; charset=utf-8","vary":"X-Origin, Referer, Origin,Accept-Encoding","server":"scaffolding on HTTPServer2","x-xss-protection":"0","x-frame-options":"SAMEORIGIN","x-content-type-options":"nosniff","alt-svc":"h3-29=\":443\"; ma=2592000,h3-T051=\":443\"; ma=2592000,h3-Q050=\":443\"; ma=2592000,h3-Q046=\":443\"; ma=2592000,h3-Q043=\":443\"; ma=2592000,quic=\":443\"; ma=2592000; v=\"46,43\"","accept-ranges":"none","transfer-encoding":"chunked"}
[debug] [2021-02-25T21:12:47.384Z] >>> HTTP REQUEST POST https://firebaserules.googleapis.com/v1/projects/ubox-88d86:test  
 {"source":{"files":[{"name":"firestore.rules","content":"rules_version = '2';\nservice cloud.firestore {\n  match /databases/{database}/documents {\n    match /{document=**} {\n      allow read, write: if false;\n    }\n  }\n}"}]}}
[debug] [2021-02-25T21:12:47.724Z] <<< HTTP RESPONSE 200 {"content-type":"application/json; charset=UTF-8","vary":"X-Origin, Referer, Origin,Accept-Encoding","date":"Thu, 25 Feb 2021 21:12:47 GMT","server":"ESF","cache-control":"private","x-xss-protection":"0","x-frame-options":"SAMEORIGIN","x-content-type-options":"nosniff","alt-svc":"h3-29=\":443\"; ma=2592000,h3-T051=\":443\"; ma=2592000,h3-Q050=\":443\"; ma=2592000,h3-Q046=\":443\"; ma=2592000,h3-Q043=\":443\"; ma=2592000,quic=\":443\"; ma=2592000; v=\"46,43\"","accept-ranges":"none","transfer-encoding":"chunked"}
[info] +  cloud.firestore: rules file firestore.rules compiled successfully 
[info] i  functions: ensuring required API cloudfunctions.googleapis.com is enabled... 
[info] i  functions: ensuring required API cloudbuild.googleapis.com is enabled... 
[debug] [2021-02-25T21:12:49.553Z] >>> HTTP REQUEST GET https://serviceusage.googleapis.com/v1/projects/ubox-88d86/services/cloudfunctions.googleapis.com  
 
[debug] [2021-02-25T21:12:49.553Z] >>> HTTP REQUEST GET https://serviceusage.googleapis.com/v1/projects/ubox-88d86/services/runtimeconfig.googleapis.com  
 
[debug] [2021-02-25T21:12:49.554Z] >>> HTTP REQUEST GET https://serviceusage.googleapis.com/v1/projects/ubox-88d86/services/cloudbuild.googleapis.com  
 
[debug] [2021-02-25T21:12:50.293Z] <<< HTTP RESPONSE 200 {"content-type":"application/json; charset=UTF-8","vary":"X-Origin, Referer, Origin,Accept-Encoding","date":"Thu, 25 Feb 2021 21:12:49 GMT","server":"ESF","cache-control":"private","x-xss-protection":"0","x-frame-options":"SAMEORIGIN","x-content-type-options":"nosniff","alt-svc":"h3-29=\":443\"; ma=2592000,h3-T051=\":443\"; ma=2592000,h3-Q050=\":443\"; ma=2592000,h3-Q046=\":443\"; ma=2592000,h3-Q043=\":443\"; ma=2592000,quic=\":443\"; ma=2592000; v=\"46,43\"","accept-ranges":"none","transfer-encoding":"chunked"}
[debug] [2021-02-25T21:12:50.308Z] <<< HTTP RESPONSE 200 {"content-type":"application/json; charset=UTF-8","vary":"X-Origin, Referer, Origin,Accept-Encoding","date":"Thu, 25 Feb 2021 21:12:49 GMT","server":"ESF","cache-control":"private","x-xss-protection":"0","x-frame-options":"SAMEORIGIN","x-content-type-options":"nosniff","alt-svc":"h3-29=\":443\"; ma=2592000,h3-T051=\":443\"; ma=2592000,h3-Q050=\":443\"; ma=2592000,h3-Q046=\":443\"; ma=2592000,h3-Q043=\":443\"; ma=2592000,quic=\":443\"; ma=2592000; v=\"46,43\"","accept-ranges":"none","transfer-encoding":"chunked"}
[info] +  functions: required API cloudbuild.googleapis.com is enabled 
[debug] [2021-02-25T21:12:50.325Z] <<< HTTP RESPONSE 200 {"content-type":"application/json; charset=UTF-8","vary":"X-Origin, Referer, Origin,Accept-Encoding","date":"Thu, 25 Feb 2021 21:12:49 GMT","server":"ESF","cache-control":"private","x-xss-protection":"0","x-frame-options":"SAMEORIGIN","x-content-type-options":"nosniff","alt-svc":"h3-29=\":443\"; ma=2592000,h3-T051=\":443\"; ma=2592000,h3-Q050=\":443\"; ma=2592000,h3-Q046=\":443\"; ma=2592000,h3-Q043=\":443\"; ma=2592000,quic=\":443\"; ma=2592000; v=\"46,43\"","accept-ranges":"none","transfer-encoding":"chunked"}
[info] +  functions: required API cloudfunctions.googleapis.com is enabled 
[debug] [2021-02-25T21:12:50.343Z] >>> HTTP REQUEST GET https://firebase.googleapis.com/v1beta1/projects/ubox-88d86/adminSdkConfig  
 
[debug] [2021-02-25T21:12:51.000Z] <<< HTTP RESPONSE 200 {"content-type":"application/json; charset=UTF-8","vary":"X-Origin, Referer, Origin,Accept-Encoding","date":"Thu, 25 Feb 2021 21:12:50 GMT","server":"ESF","cache-control":"private","x-xss-protection":"0","x-frame-options":"SAMEORIGIN","x-content-type-options":"nosniff","alt-svc":"h3-29=\":443\"; ma=2592000,h3-T051=\":443\"; ma=2592000,h3-Q050=\":443\"; ma=2592000,h3-Q046=\":443\"; ma=2592000,h3-Q043=\":443\"; ma=2592000,quic=\":443\"; ma=2592000; v=\"46,43\"","accept-ranges":"none","transfer-encoding":"chunked"}
[info] i  functions: preparing functions directory for uploading... 
[debug] [2021-02-25T21:12:51.005Z] >>> HTTP REQUEST GET https://runtimeconfig.googleapis.com/v1beta1/projects/ubox-88d86/configs  
 
[debug] [2021-02-25T21:12:51.409Z] <<< HTTP RESPONSE 200 {"content-type":"application/json; charset=UTF-8","vary":"X-Origin, Referer, Origin,Accept-Encoding","date":"Thu, 25 Feb 2021 21:12:50 GMT","server":"ESF","cache-control":"private","x-xss-protection":"0","x-frame-options":"SAMEORIGIN","x-content-type-options":"nosniff","alt-svc":"h3-29=\":443\"; ma=2592000,h3-T051=\":443\"; ma=2592000,h3-Q050=\":443\"; ma=2592000,h3-Q046=\":443\"; ma=2592000,h3-Q043=\":443\"; ma=2592000,quic=\":443\"; ma=2592000; v=\"46,43\"","accept-ranges":"none","transfer-encoding":"chunked"}
[info] i  functions: packaged functions (22.15 KB) for uploading 
[debug] [2021-02-25T21:12:51.738Z] > [functions] package.json contents: {
  "name": "functions",
  "description": "Cloud Functions for Firebase",
  "scripts": {
    "serve": "firebase emulators:start --only functions",
    "shell": "firebase functions:shell",
    "start": "npm run shell",
    "deploy": "firebase deploy --only functions",
    "logs": "firebase functions:log"
  },
  "engines": {
    "node": "12"
  },
  "main": "index.js",
  "dependencies": {
    "cors": "^2.8.5",
    "dotenv": "^8.2.0",
    "firebase-admin": "^9.2.0",
    "firebase-functions": "^3.13.2",
    "nodemailer": "^6.4.18"
  },
  "devDependencies": {
    "firebase-functions-test": "^0.2.0"
  },
  "private": true
}
[debug] [2021-02-25T21:12:51.740Z] >>> HTTP REQUEST POST https://firebasehosting.googleapis.com/v1beta1/sites/ubox-88d86/versions  
 {"config":{"rewrites":[{"glob":"**","path":"/index.html"}]},"labels":{"deployment-tool":"cli-firebase"}}
[debug] [2021-02-25T21:12:52.749Z] <<< HTTP RESPONSE 200 {"content-type":"application/json; charset=UTF-8","vary":"X-Origin, Referer, Origin,Accept-Encoding","date":"Thu, 25 Feb 2021 21:12:52 GMT","server":"ESF","cache-control":"private","x-xss-protection":"0","x-frame-options":"SAMEORIGIN","x-content-type-options":"nosniff","alt-svc":"h3-29=\":443\"; ma=2592000,h3-T051=\":443\"; ma=2592000,h3-Q050=\":443\"; ma=2592000,h3-Q046=\":443\"; ma=2592000,h3-Q043=\":443\"; ma=2592000,quic=\":443\"; ma=2592000; v=\"46,43\"","accept-ranges":"none","transfer-encoding":"chunked"}
[debug] [2021-02-25T21:12:52.753Z] >>> HTTP REQUEST GET https://firebaserules.googleapis.com/v1/projects/ubox-88d86/releases?pageSize=10&pageToken=  
 
[debug] [2021-02-25T21:12:52.754Z] >>> HTTP REQUEST GET https://firestore.googleapis.com/v1/projects/ubox-88d86/databases/(default)/collectionGroups/-/indexes  
 
[debug] [2021-02-25T21:12:53.049Z] <<< HTTP RESPONSE 200 {"content-type":"application/json; charset=UTF-8","vary":"X-Origin, Referer, Origin,Accept-Encoding","date":"Thu, 25 Feb 2021 21:12:52 GMT","server":"ESF","cache-control":"private","x-xss-protection":"0","x-frame-options":"SAMEORIGIN","x-content-type-options":"nosniff","alt-svc":"h3-29=\":443\"; ma=2592000,h3-T051=\":443\"; ma=2592000,h3-Q050=\":443\"; ma=2592000,h3-Q046=\":443\"; ma=2592000,h3-Q043=\":443\"; ma=2592000,quic=\":443\"; ma=2592000; v=\"46,43\"","accept-ranges":"none","transfer-encoding":"chunked"}
[debug] [2021-02-25T21:12:53.053Z] >>> HTTP REQUEST GET https://firebaserules.googleapis.com/v1/projects/ubox-88d86/rulesets/ffff5959-ebca-45f1-9fd7-4147b08ec034  
 
[debug] [2021-02-25T21:12:53.268Z] <<< HTTP RESPONSE 200 {"content-type":"application/json; charset=UTF-8","vary":"X-Origin, Referer, Origin,Accept-Encoding","date":"Thu, 25 Feb 2021 21:12:52 GMT","server":"ESF","cache-control":"private","x-xss-protection":"0","x-frame-options":"SAMEORIGIN","x-content-type-options":"nosniff","alt-svc":"h3-29=\":443\"; ma=2592000,h3-T051=\":443\"; ma=2592000,h3-Q050=\":443\"; ma=2592000,h3-Q046=\":443\"; ma=2592000,h3-Q043=\":443\"; ma=2592000,quic=\":443\"; ma=2592000; v=\"46,43\"","accept-ranges":"none","transfer-encoding":"chunked"}
[debug] [2021-02-25T21:12:53.270Z] >>> HTTP REQUEST GET https://firestore.googleapis.com/v1/projects/ubox-88d86/databases/(default)/collectionGroups/-/fields?filter=indexConfig.usesAncestorConfig=false  
 
[debug] [2021-02-25T21:12:53.296Z] <<< HTTP RESPONSE 200 {"content-type":"application/json; charset=UTF-8","vary":"X-Origin, Referer, Origin,Accept-Encoding","date":"Thu, 25 Feb 2021 21:12:52 GMT","server":"ESF","cache-control":"private","x-xss-protection":"0","x-frame-options":"SAMEORIGIN","x-content-type-options":"nosniff","alt-svc":"h3-29=\":443\"; ma=2592000,h3-T051=\":443\"; ma=2592000,h3-Q050=\":443\"; ma=2592000,h3-Q046=\":443\"; ma=2592000,h3-Q043=\":443\"; ma=2592000,quic=\":443\"; ma=2592000; v=\"46,43\"","accept-ranges":"none","transfer-encoding":"chunked"}
[info] i  firestore: latest version of firestore.rules already up to date, skipping upload... 
[debug] [2021-02-25T21:12:53.868Z] <<< HTTP RESPONSE 200 {"content-type":"application/json; charset=UTF-8","vary":"X-Origin, Referer, Origin,Accept-Encoding","date":"Thu, 25 Feb 2021 21:12:53 GMT","server":"ESF","cache-control":"private","x-xss-protection":"0","x-frame-options":"SAMEORIGIN","x-content-type-options":"nosniff","alt-svc":"h3-29=\":443\"; ma=2592000,h3-T051=\":443\"; ma=2592000,h3-Q050=\":443\"; ma=2592000,h3-Q046=\":443\"; ma=2592000,h3-Q043=\":443\"; ma=2592000,quic=\":443\"; ma=2592000; v=\"46,43\"","accept-ranges":"none","transfer-encoding":"chunked"}
[info] +  firestore: deployed indexes in firestore.indexes.json successfully 
[debug] [2021-02-25T21:12:53.873Z] >>> HTTP REQUEST GET https://cloudfunctions.googleapis.com/v1/projects/ubox-88d86/locations/-/functions  
 
[debug] [2021-02-25T21:12:54.482Z] <<< HTTP RESPONSE 200 {"content-type":"application/json; charset=UTF-8","vary":"X-Origin, Referer, Origin,Accept-Encoding","date":"Thu, 25 Feb 2021 21:12:54 GMT","server":"ESF","cache-control":"private","x-xss-protection":"0","x-frame-options":"SAMEORIGIN","x-content-type-options":"nosniff","alt-svc":"h3-29=\":443\"; ma=2592000,h3-T051=\":443\"; ma=2592000,h3-Q050=\":443\"; ma=2592000,h3-Q046=\":443\"; ma=2592000,h3-Q043=\":443\"; ma=2592000,quic=\":443\"; ma=2592000; v=\"46,43\"","accept-ranges":"none","transfer-encoding":"chunked"}
[debug] [2021-02-25T21:12:54.486Z] >>> HTTP REQUEST POST https://cloudfunctions.googleapis.com/v1/projects/ubox-88d86/locations/us-central1/functions:generateUploadUrl  
 
[debug] [2021-02-25T21:12:55.199Z] <<< HTTP RESPONSE 200 {"content-type":"application/json; charset=UTF-8","vary":"X-Origin, Referer, Origin,Accept-Encoding","date":"Thu, 25 Feb 2021 21:12:54 GMT","server":"ESF","cache-control":"private","x-xss-protection":"0","x-frame-options":"SAMEORIGIN","x-content-type-options":"nosniff","alt-svc":"h3-29=\":443\"; ma=2592000,h3-T051=\":443\"; ma=2592000,h3-Q050=\":443\"; ma=2592000,h3-Q046=\":443\"; ma=2592000,h3-Q043=\":443\"; ma=2592000,quic=\":443\"; ma=2592000; v=\"46,43\"","accept-ranges":"none","transfer-encoding":"chunked"}
[debug] [2021-02-25T21:12:55.201Z] >>> HTTP REQUEST PUT https://storage.googleapis.com/gcf-upload-us-central1-2f341acf-17ea-429f-928a-4f138e265b90/d1714e5e-1919-4e13-9e9d-a06754d60b5a.zip?GoogleAccessId=service-1056283689543@gcf-admin-robot.iam.gserviceaccount.com&Expires=1614289374&Signature=lrevdayLUFbFveASSj0dLB3iEL3%2Fd8F5qsniT9%2BqfyBzNmdBFyhQx2YvAbtW6InuBMv6V3IoDWyZoFVWOWWVJ9r02A18EUOi8lIFpUShvrVnL48gosoBiPa9%2F8NgqwR%2FzUdXQLnr33RCP2T1oe42bKqp3BGeTENFfnbMeW1QSVPdAIoX%2B11O9NBIjhAhWratWmHAR1BcAUyXg7xOSefW1ntHPBWk4qw6pj9XqfJO0FYfiRYud8RrBoifE7%2F52GGsmfsJVoCSvRxRGjxWuEfkJ4JGHGzUqPOh5NQ%2FBEEimMwF%2BsVUNW1CN0a8vKFG7sSVAQ24p1ydu%2Fcvd40CXbLlOQ%3D%3D  
 <request body omitted>
[debug] [2021-02-25T21:12:55.545Z] <<< HTTP RESPONSE 200 {"x-guploader-uploadid":"ABg5-Uzc5ECYEmC_vVzkM2TVv_tyBlOf2DSPMd_SHAzJUCbNq-gaL3DTEWqQ6CI9vydk5vfMW_q_Xo76l1XJD8ASSI0","etag":"\"60ee732018e2756de9042cd33d200b13\"","x-goog-generation":"1614287575103440","x-goog-metageneration":"1","x-goog-hash":"crc32c=40xlcA==, md5=YO5zIBjidW3pBCzTPSALEw==","x-goog-stored-content-length":"22686","x-goog-stored-content-encoding":"identity","vary":"Origin","content-length":"0","date":"Thu, 25 Feb 2021 21:12:55 GMT","server":"UploadServer","content-type":"text/html; charset=UTF-8","alt-svc":"h3-29=\":443\"; ma=2592000,h3-T051=\":443\"; ma=2592000,h3-Q050=\":443\"; ma=2592000,h3-Q046=\":443\"; ma=2592000,h3-Q043=\":443\"; ma=2592000,quic=\":443\"; ma=2592000; v=\"46,43\""}
[info] +  functions: functions folder uploaded successfully 
[info] i  hosting[ubox-88d86]: beginning deploy... 
[info] i  hosting[ubox-88d86]: found 58 files in dist/nexos-cargo 
[debug] [2021-02-25T21:12:55.639Z] > refreshing access token with scopes: []
[debug] [2021-02-25T21:12:55.639Z] >>> HTTP REQUEST POST https://www.googleapis.com/oauth2/v3/token  
 <request body omitted>
[debug] [2021-02-25T21:12:55.642Z] [hosting] hash cache [ZGlzdFxuZXhvcy1jYXJnbw] stored for 58 files
[debug] [2021-02-25T21:12:55.642Z] [hosting][hash queue][FINAL] {"max":9,"min":0,"avg":0.9238454260265141,"active":0,"complete":58,"success":58,"errored":0,"retried":0,"total":58,"elapsed":14}
[debug] [2021-02-25T21:12:55.835Z] <<< HTTP RESPONSE 200 {"cache-control":"no-cache, no-store, max-age=0, must-revalidate","pragma":"no-cache","expires":"Mon, 01 Jan 1990 00:00:00 GMT","date":"Thu, 25 Feb 2021 21:12:55 GMT","content-type":"application/json; charset=utf-8","vary":"X-Origin, Referer, Origin,Accept-Encoding","server":"scaffolding on HTTPServer2","x-xss-protection":"0","x-frame-options":"SAMEORIGIN","x-content-type-options":"nosniff","alt-svc":"h3-29=\":443\"; ma=2592000,h3-T051=\":443\"; ma=2592000,h3-Q050=\":443\"; ma=2592000,h3-Q046=\":443\"; ma=2592000,h3-Q043=\":443\"; ma=2592000,quic=\":443\"; ma=2592000; v=\"46,43\"","accept-ranges":"none","transfer-encoding":"chunked"}
[debug] [2021-02-25T21:12:55.849Z] >>> [apiv2][query] POST https://firebasehosting.googleapis.com/v1beta1/sites/ubox-88d86/versions/c46dcb739d4ef7c5:populateFiles [none]
[debug] [2021-02-25T21:12:55.849Z] >>> [apiv2][body] POST https://firebasehosting.googleapis.com/v1beta1/sites/ubox-88d86/versions/c46dcb739d4ef7c5:populateFiles {"files":{"/1-es2015.4beb4460afade07d2192.js":"a7505be7383c2d8b71048bc299746479ed8077510cd44c38264149ffe971f7b0","/1-es5.4beb4460afade07d2192.js":"c1fc56551c8113229315e70e7cc8601afda052cef9a4f0df08a4dae7f0bac51f","/10-es2015.7fc5936fd744b5619314.js":"301fa56a3c9616baebcad71f8216f7306a600cb7af4ce3fd4551dc53bb754034","/10-es5.7fc5936fd744b5619314.js":"e9cca5e53a928bfac89c8edc897159aed85791c6577e11ce46f5b56f6323d9c1","/11-es2015.0d7ad44f26b91e4c1387.js":"9c332329a49f2def797409ce36dc91fb2530d97af5cbb5c5f74feb3062a14bd2","/11-es5.0d7ad44f26b91e4c1387.js":"e3fd1619848190708eeca22ba2b178107d2a54c8760da70ca6b96d0181b4b7b9","/3rdpartylicenses.txt":"08ab0bebb1d3ccf70ba4cf5f300ad8072af2f5de6e5157e0c9089cd932f5e8d7","/7-es2015.a1c91a276777b91dbe1d.js":"9edb4bd4fe08e9ce1115a1e91631615d0326d51495dba97acf8bf15c6766a246","/7-es5.a1c91a276777b91dbe1d.js":"ebe7f7f76fcccd2d663b812eee6216f108a216da2f1ee8914e81957ec54818ef","/8-es2015.4bc6968331ca1cad8051.js":"229226e30170aca7cc17bc7d045a913b2b952578f3e1aa916c3d185635ee57c5","/8-es5.4bc6968331ca1cad8051.js":"0257aa6ca3a77cb8a12ad384e85356d078044d1fecc967a2f41dffa038a6da46","/9-es2015.0b2399f052e2194adb3d.js":"c456d2575dbf9a9b7a535d8e74baee8a7ba88ef5cfe8fe2712d4a122a73fb9c5","/9-es5.0b2399f052e2194adb3d.js":"db43632e7894b95bd5eddbe6b98f2e08603c6f4a89124ba053e98c530fa7c7e2","/common-es2015.1f09e262096754a587bb.js":"8fe2eefe97bf0951f9ba10310ae830940bbed22fc4ea7212b4000a4f5c34ffdf","/common-es5.1f09e262096754a587bb.js":"6791977a67f6ac01bf4d01c673869ab40c8c46ea5c5260f3f7403ee2ba1a7237","/DroidSerif-Italic.3510dff5bc984e41b025.ttf":"c9dc6583e36ac904c9b5e0dab58a1472db83a101331ba81c3ec2745ad7777860","/favicon.ico":"2c19690e9587bae12f419b34d2edeecc76808099540a9c9f4ea6194116cfc8f7","/index.html":"1ff20618787580e2a90baff8551898bff14c4103e4fa414daccd666118df379f","/main-es2015.4c14c7abb3cdd28f257c.js":"6cf52a8b40a33c7e5faed892a2736b7e78c654a7d4039a3b528b684e47989488","/main-es5.4c14c7abb3cdd28f257c.js":"fa909d466178dce9165db37bfed24c3812f7cfe383f265f3597484db3498f7be","/OpenSans-Bold.dbb97fd982ce1b96b6de.ttf":"b09228641d34f296d1fdb789434f1ab53e922d6adc4152119884d7a68ea363e8","/OpenSans-Italic.20653d2fac6285bf4dea.ttf":"b874888764fad833e79f9caa95ed0617122e2a89e1cae4610f56074751086f94","/OpenSans-Light.ed41bedf131bc097372a.ttf":"4a8665de1c0fb2b088f09bcd51d109b0d1970912173a68b0e84628741ab9ac73","/OpenSans-Regular.1b0809d519837cb7aad3.ttf":"966d538f2bd817920517cb7db6439d226be602c95ec4919483737fd74c198089","/OpenSans-SemiBold.a16d8201b06a03c6c365.ttf":"76a5619d514489f7f6c43ce61dc7877460282f05e69d51618fa361c5fd38bbf1","/polyfills-es2015.106f49ffe3fa3d39e707.js":"6ec8ab1169da37f7be007df7b30c4c59cc97591f5ba0c101916bafc2ef0220dc","/polyfills-es5.cae7b2b32a1152d5562d.js":"63e9b52a6c62fbb2a2cda42024aa4041cd883e25f68f42faaf7f6e139976c039","/runtime-es2015.8e43dc9f33e84cd01dc1.js":"2e64c1cab093119947e5566e7ddefee29b0b08f3c017c03d7f203bcedf9e933f","/runtime-es5.8e43dc9f33e84cd01dc1.js":"1d7407799107fa92a28d623d96be5cdf2c77be8f3318bfb9c85642f4188748bd","/scripts.04583e408599e687e8aa.js":"925810ab2d99ff98e127ecdc334b2a5776b25134372364df340e4084b15f340d","/styles.44c76df4d50cafb89c9a.css":"9720061c5d3895fd9fdd92f39984d4582444cbbf0ada4c800d0e34e889297a8a","/assets/fonts/droid-serif/DroidSerif-Bold.ttf":"9fd5c8b8d846467c633cd11bee60ceea32b8ff4d6ee69c678964c6d1744fe579","/assets/fonts/droid-serif/DroidSerif-BoldItalic.ttf":"669654160ab4569d1d9d6659233363e239bbde4634a4fe5824469d3e91116e6d","/assets/fonts/droid-serif/DroidSerif-Italic.ttf":"c9dc6583e36ac904c9b5e0dab58a1472db83a101331ba81c3ec2745ad7777860","/assets/fonts/droid-serif/DroidSerif-Regular.ttf":"83d64cacf1aeb4b4eed13cc66a643ad4a1cb3edf5b76e14ec1073e4bb92333f0","/assets/fonts/Open_Sans/OpenSans-Bold.ttf":"b09228641d34f296d1fdb789434f1ab53e922d6adc4152119884d7a68ea363e8","/assets/fonts/Open_Sans/OpenSans-BoldItalic.ttf":"3c1338f78113f023517be0bc44b625d938f7360e0289eb69b05c9a3304cb3308","/assets/fonts/Open_Sans/OpenSans-ExtraBold.ttf":"0b790194f0e2d1f5665624f990a7ea11cc76b90670691bf54a4e654e4f9be595","/assets/fonts/Open_Sans/OpenSans-ExtraBoldItalic.ttf":"38a648b4bdbfcc7043b44c698aa2b1a029ed787ce1368e934ae3cd9a8b660af6","/assets/fonts/Open_Sans/OpenSans-Italic.ttf":"b874888764fad833e79f9caa95ed0617122e2a89e1cae4610f56074751086f94","/assets/fonts/Open_Sans/OpenSans-Light.ttf":"4a8665de1c0fb2b088f09bcd51d109b0d1970912173a68b0e84628741ab9ac73","/assets/fonts/Open_Sans/OpenSans-LightItalic.ttf":"02bf250bf34b7946244c608a215ed516581380d156d7ee4fc783bc4d62ef4c16","/assets/fonts/Open_Sans/OpenSans-Regular.ttf":"966d538f2bd817920517cb7db6439d226be602c95ec4919483737fd74c198089","/assets/fonts/Open_Sans/OpenSans-SemiBold.ttf":"76a5619d514489f7f6c43ce61dc7877460282f05e69d51618fa361c5fd38bbf1","/assets/fonts/Open_Sans/OpenSans-SemiBoldItalic.ttf":"3016bc0a5b921844dedbef07b9f2459bf74ac072c810255c69e0a1e31b4c94a1","/assets/imagenes/footer/facebook.png":"42757bfd10eda3b7c78a9e91c3d087f20f12567c7b9024276c3d80b29a60135d","/assets/imagenes/footer/footer.png":"42757bfd10eda3b7c78a9e91c3d087f20f12567c7b9024276c3d80b29a60135d","/assets/imagenes/footer/icono.png":"7b4f77020e17af3049c3bd348c2042ddc009722ad45281539f42bcbd8c97c246","/assets/imagenes/footer/loc.png":"8047422f4dbbdc68678d4f653f50c9d1653076e735ce114b41ea93ffce4526b8","/assets/imagenes/footer/skype.png":"be64e65b8975a49bf66e98bf7b5bd0b65aa5dc2f4463b23fdf57f27c3873ee12","/assets/imagenes/footer/twitter.png":"9a198f6acb1e49c740f63efecba78ba1f55a3ec4d372c2f67364a1de0bf6c425","/assets/imagenes/info-header/info-fondo.png":"c4cd1d8cc13b6783c1c58e1b7f2fb8ecfddeab950caf62ae7129285aeeed0847","/assets/imagenes/info-header/mail.png":"dfc923c1ecefa9a56a9347ad860e81dea9ae0a8bd005caed4994872d9beb2ad0","/assets/imagenes/info-header/phone.png":"c53d86a695d91f9cdaecc6077278074546b3d1346ef8b6b06d05fbe42fc6aa54","/assets/imagenes/inicio/banner.jpeg":"f914455c370df4a67e7d1d8671b9e3847a47cc43ae21d67ddb3489fd01a98830","/assets/imagenes/inicio/basc-logo.jpg":"ed4d4231f095c7716fcd060e0d7292d41962c27205efe86701edbf1bc37b11ac","/assets/imagenes/nav-menu/nexos-logo.png":"b8526710c9c2959efb29c63a18138a00c606260aeef7eab8bd9cfd29aec75fc5","/assets/imagenes/servicios/fondo.jpeg":"07877006abca7fbe752d11be1c2038da9095b07be12f3d570b803ef412cf5ddf"}}
[debug] [2021-02-25T21:12:56.741Z] <<< [apiv2][status] POST https://firebasehosting.googleapis.com/v1beta1/sites/ubox-88d86/versions/c46dcb739d4ef7c5:populateFiles 200
[debug] [2021-02-25T21:12:56.741Z] <<< [apiv2][body] POST https://firebasehosting.googleapis.com/v1beta1/sites/ubox-88d86/versions/c46dcb739d4ef7c5:populateFiles {"uploadUrl":"https://upload-firebasehosting.googleapis.com/upload/sites/ubox-88d86/versions/c46dcb739d4ef7c5/files"}
[debug] [2021-02-25T21:12:56.742Z] [hosting][populate queue][FINAL] {"max":1104,"min":1104,"avg":1104,"active":0,"complete":1,"success":1,"errored":0,"retried":0,"total":1,"elapsed":1104}
[debug] [2021-02-25T21:12:56.743Z] [hosting] uploads queued: 0
[debug] [2021-02-25T21:12:56.743Z] [hosting][upload queue][FINAL] {"max":0,"min":9999999999,"avg":0,"active":0,"complete":0,"success":0,"errored":0,"retried":0,"total":0,"elapsed":1614287576743}
[info] +  hosting[ubox-88d86]: file upload complete 
[debug] [2021-02-25T21:12:56.746Z] [hosting] deploy completed after 1166ms
[debug] [2021-02-25T21:12:56.750Z] [rules] releasing cloud.firestore with ruleset projects/ubox-88d86/rulesets/ffff5959-ebca-45f1-9fd7-4147b08ec034
[debug] [2021-02-25T21:12:56.751Z] > refreshing access token with scopes: ["email","https://www.googleapis.com/auth/cloud-platform","https://www.googleapis.com/auth/cloudplatformprojects.readonly","https://www.googleapis.com/auth/firebase","openid"]
[debug] [2021-02-25T21:12:56.751Z] >>> HTTP REQUEST POST https://www.googleapis.com/oauth2/v3/token  
 <request body omitted>
[debug] [2021-02-25T21:12:56.937Z] <<< HTTP RESPONSE 200 {"cache-control":"no-cache, no-store, max-age=0, must-revalidate","expires":"Mon, 01 Jan 1990 00:00:00 GMT","pragma":"no-cache","date":"Thu, 25 Feb 2021 21:12:56 GMT","content-type":"application/json; charset=utf-8","vary":"X-Origin, Referer, Origin,Accept-Encoding","server":"scaffolding on HTTPServer2","x-xss-protection":"0","x-frame-options":"SAMEORIGIN","x-content-type-options":"nosniff","alt-svc":"h3-29=\":443\"; ma=2592000,h3-T051=\":443\"; ma=2592000,h3-Q050=\":443\"; ma=2592000,h3-Q046=\":443\"; ma=2592000,h3-Q043=\":443\"; ma=2592000,quic=\":443\"; ma=2592000; v=\"46,43\"","accept-ranges":"none","transfer-encoding":"chunked"}
[debug] [2021-02-25T21:12:56.942Z] >>> HTTP REQUEST PATCH https://firebaserules.googleapis.com/v1/projects/ubox-88d86/releases/cloud.firestore  
 {"release":{"name":"projects/ubox-88d86/releases/cloud.firestore","rulesetName":"projects/ubox-88d86/rulesets/ffff5959-ebca-45f1-9fd7-4147b08ec034"}}
[debug] [2021-02-25T21:12:57.350Z] <<< HTTP RESPONSE 200 {"content-type":"application/json; charset=UTF-8","vary":"X-Origin, Referer, Origin,Accept-Encoding","date":"Thu, 25 Feb 2021 21:12:56 GMT","server":"ESF","cache-control":"private","x-xss-protection":"0","x-frame-options":"SAMEORIGIN","x-content-type-options":"nosniff","alt-svc":"h3-29=\":443\"; ma=2592000,h3-T051=\":443\"; ma=2592000,h3-Q050=\":443\"; ma=2592000,h3-Q046=\":443\"; ma=2592000,h3-Q043=\":443\"; ma=2592000,quic=\":443\"; ma=2592000; v=\"46,43\"","accept-ranges":"none","transfer-encoding":"chunked"}
[debug] [2021-02-25T21:12:57.351Z] [rules] updated release projects/ubox-88d86/releases/cloud.firestore
[info] +  firestore: released rules firestore.rules to cloud.firestore 
[info] i  functions: updating Node.js 12 function sendMail(us-central1)... 
[debug] [2021-02-25T21:12:57.389Z] >>> HTTP REQUEST PATCH https://cloudfunctions.googleapis.com/v1/projects/ubox-88d86/locations/us-central1/functions/sendMail {"updateMask":"sourceUploadUrl,name,labels,runtime,environmentVariables,httpsTrigger"} 
 {"sourceUploadUrl":"https://storage.googleapis.com/gcf-upload-us-central1-2f341acf-17ea-429f-928a-4f138e265b90/d1714e5e-1919-4e13-9e9d-a06754d60b5a.zip?GoogleAccessId=service-1056283689543@gcf-admin-robot.iam.gserviceaccount.com&Expires=1614289374&Signature=lrevdayLUFbFveASSj0dLB3iEL3%2Fd8F5qsniT9%2BqfyBzNmdBFyhQx2YvAbtW6InuBMv6V3IoDWyZoFVWOWWVJ9r02A18EUOi8lIFpUShvrVnL48gosoBiPa9%2F8NgqwR%2FzUdXQLnr33RCP2T1oe42bKqp3BGeTENFfnbMeW1QSVPdAIoX%2B11O9NBIjhAhWratWmHAR1BcAUyXg7xOSefW1ntHPBWk4qw6pj9XqfJO0FYfiRYud8RrBoifE7%2F52GGsmfsJVoCSvRxRGjxWuEfkJ4JGHGzUqPOh5NQ%2FBEEimMwF%2BsVUNW1CN0a8vKFG7sSVAQ24p1ydu%2Fcvd40CXbLlOQ%3D%3D","name":"projects/ubox-88d86/locations/us-central1/functions/sendMail","labels":{"deployment-tool":"cli-firebase"},"httpsTrigger":{},"runtime":"nodejs12","environmentVariables":{"FIREBASE_CONFIG":"{\"projectId\":\"ubox-88d86\",\"storageBucket\":\"ubox-88d86.appspot.com\",\"locationId\":\"us-central\"}"}}
[debug] [2021-02-25T21:12:57.962Z] <<< HTTP RESPONSE 200 {"content-type":"application/json; charset=UTF-8","vary":"X-Origin, Referer, Origin,Accept-Encoding","date":"Thu, 25 Feb 2021 21:12:57 GMT","server":"ESF","cache-control":"private","x-xss-protection":"0","x-frame-options":"SAMEORIGIN","x-content-type-options":"nosniff","alt-svc":"h3-29=\":443\"; ma=2592000,h3-T051=\":443\"; ma=2592000,h3-Q050=\":443\"; ma=2592000,h3-Q046=\":443\"; ma=2592000,h3-Q043=\":443\"; ma=2592000,quic=\":443\"; ma=2592000; v=\"46,43\"","accept-ranges":"none","transfer-encoding":"chunked"}
[debug] [2021-02-25T21:12:57.964Z] > refreshing access token with scopes: []
[debug] [2021-02-25T21:12:57.964Z] >>> HTTP REQUEST POST https://www.googleapis.com/oauth2/v3/token  
 <request body omitted>
[debug] [2021-02-25T21:12:58.160Z] <<< HTTP RESPONSE 200 {"date":"Thu, 25 Feb 2021 21:12:57 GMT","pragma":"no-cache","expires":"Mon, 01 Jan 1990 00:00:00 GMT","cache-control":"no-cache, no-store, max-age=0, must-revalidate","content-type":"application/json; charset=utf-8","vary":"X-Origin, Referer, Origin,Accept-Encoding","server":"scaffolding on HTTPServer2","x-xss-protection":"0","x-frame-options":"SAMEORIGIN","x-content-type-options":"nosniff","alt-svc":"h3-29=\":443\"; ma=2592000,h3-T051=\":443\"; ma=2592000,h3-Q050=\":443\"; ma=2592000,h3-Q046=\":443\"; ma=2592000,h3-Q043=\":443\"; ma=2592000,quic=\":443\"; ma=2592000; v=\"46,43\"","accept-ranges":"none","transfer-encoding":"chunked"}
[debug] [2021-02-25T21:12:58.174Z] >>> [apiv2][query] GET https://cloudfunctions.googleapis.com/v1/operations/dWJveC04OGQ4Ni91cy1jZW50cmFsMS9zZW5kTWFpbC9jUUhqRll4dzBwSQ [none]
[debug] [2021-02-25T21:12:58.585Z] <<< [apiv2][status] GET https://cloudfunctions.googleapis.com/v1/operations/dWJveC04OGQ4Ni91cy1jZW50cmFsMS9zZW5kTWFpbC9jUUhqRll4dzBwSQ 200
[debug] [2021-02-25T21:12:58.586Z] <<< [apiv2][body] GET https://cloudfunctions.googleapis.com/v1/operations/dWJveC04OGQ4Ni91cy1jZW50cmFsMS9zZW5kTWFpbC9jUUhqRll4dzBwSQ {"name":"operations/dWJveC04OGQ4Ni91cy1jZW50cmFsMS9zZW5kTWFpbC9jUUhqRll4dzBwSQ","metadata":{"@type":"type.googleapis.com/google.cloud.functions.v1.OperationMetadataV1","target":"projects/ubox-88d86/locations/us-central1/functions/sendMail","type":"UPDATE_FUNCTION","request":{"@type":"type.googleapis.com/google.cloud.functions.v1.CloudFunction","name":"projects/ubox-88d86/locations/us-central1/functions/sendMail","httpsTrigger":{},"status":"ACTIVE","entryPoint":"sendMail","timeout":"60s","availableMemoryMb":256,"serviceAccountEmail":"ubox-88d86@appspot.gserviceaccount.com","updateTime":"2021-02-25T21:12:39.973Z","versionId":"23","labels":{"deployment-tool":"cli-firebase"},"sourceUploadUrl":"https://storage.googleapis.com/gcf-upload-us-central1-2f341acf-17ea-429f-928a-4f138e265b90/d1714e5e-1919-4e13-9e9d-a06754d60b5a.zip?GoogleAccessId=service-1056283689543@gcf-admin-robot.iam.gserviceaccount.com&Expires=1614289374&Signature=lrevdayLUFbFveASSj0dLB3iEL3%2Fd8F5qsniT9%2BqfyBzNmdBFyhQx2YvAbtW6InuBMv6V3IoDWyZoFVWOWWVJ9r02A18EUOi8lIFpUShvrVnL48gosoBiPa9%2F8NgqwR%2FzUdXQLnr33RCP2T1oe42bKqp3BGeTENFfnbMeW1QSVPdAIoX%2B11O9NBIjhAhWratWmHAR1BcAUyXg7xOSefW1ntHPBWk4qw6pj9XqfJO0FYfiRYud8RrBoifE7%2F52GGsmfsJVoCSvRxRGjxWuEfkJ4JGHGzUqPOh5NQ%2FBEEimMwF%2BsVUNW1CN0a8vKFG7sSVAQ24p1ydu%2Fcvd40CXbLlOQ%3D%3D","environmentVariables":{"FIREBASE_CONFIG":"{\"projectId\":\"ubox-88d86\",\"storageBucket\":\"ubox-88d86.appspot.com\",\"locationId\":\"us-central\"}"},"runtime":"nodejs12","ingressSettings":"ALLOW_ALL","buildId":"aa9b55ae-5369-4edc-846b-f733330e6407"},"versionId":"24","updateTime":"2021-02-25T21:12:57Z"}}
[debug] [2021-02-25T21:12:59.088Z] [update-projects/ubox-88d86/locations/us-central1/functions/sendMail] Retrying task index 0
[debug] [2021-02-25T21:12:59.089Z] >>> [apiv2][query] GET https://cloudfunctions.googleapis.com/v1/operations/dWJveC04OGQ4Ni91cy1jZW50cmFsMS9zZW5kTWFpbC9jUUhqRll4dzBwSQ [none]
[debug] [2021-02-25T21:12:59.401Z] <<< [apiv2][status] GET https://cloudfunctions.googleapis.com/v1/operations/dWJveC04OGQ4Ni91cy1jZW50cmFsMS9zZW5kTWFpbC9jUUhqRll4dzBwSQ 200
[debug] [2021-02-25T21:12:59.402Z] <<< [apiv2][body] GET https://cloudfunctions.googleapis.com/v1/operations/dWJveC04OGQ4Ni91cy1jZW50cmFsMS9zZW5kTWFpbC9jUUhqRll4dzBwSQ {"name":"operations/dWJveC04OGQ4Ni91cy1jZW50cmFsMS9zZW5kTWFpbC9jUUhqRll4dzBwSQ","metadata":{"@type":"type.googleapis.com/google.cloud.functions.v1.OperationMetadataV1","target":"projects/ubox-88d86/locations/us-central1/functions/sendMail","type":"UPDATE_FUNCTION","request":{"@type":"type.googleapis.com/google.cloud.functions.v1.CloudFunction","name":"projects/ubox-88d86/locations/us-central1/functions/sendMail","httpsTrigger":{},"status":"ACTIVE","entryPoint":"sendMail","timeout":"60s","availableMemoryMb":256,"serviceAccountEmail":"ubox-88d86@appspot.gserviceaccount.com","updateTime":"2021-02-25T21:12:39.973Z","versionId":"23","labels":{"deployment-tool":"cli-firebase"},"sourceUploadUrl":"https://storage.googleapis.com/gcf-upload-us-central1-2f341acf-17ea-429f-928a-4f138e265b90/d1714e5e-1919-4e13-9e9d-a06754d60b5a.zip?GoogleAccessId=service-1056283689543@gcf-admin-robot.iam.gserviceaccount.com&Expires=1614289374&Signature=lrevdayLUFbFveASSj0dLB3iEL3%2Fd8F5qsniT9%2BqfyBzNmdBFyhQx2YvAbtW6InuBMv6V3IoDWyZoFVWOWWVJ9r02A18EUOi8lIFpUShvrVnL48gosoBiPa9%2F8NgqwR%2FzUdXQLnr33RCP2T1oe42bKqp3BGeTENFfnbMeW1QSVPdAIoX%2B11O9NBIjhAhWratWmHAR1BcAUyXg7xOSefW1ntHPBWk4qw6pj9XqfJO0FYfiRYud8RrBoifE7%2F52GGsmfsJVoCSvRxRGjxWuEfkJ4JGHGzUqPOh5NQ%2FBEEimMwF%2BsVUNW1CN0a8vKFG7sSVAQ24p1ydu%2Fcvd40CXbLlOQ%3D%3D","environmentVariables":{"FIREBASE_CONFIG":"{\"projectId\":\"ubox-88d86\",\"storageBucket\":\"ubox-88d86.appspot.com\",\"locationId\":\"us-central\"}"},"runtime":"nodejs12","ingressSettings":"ALLOW_ALL","buildId":"aa9b55ae-5369-4edc-846b-f733330e6407"},"versionId":"24","updateTime":"2021-02-25T21:12:57Z","buildId":"fd2aeab7-d8f3-4193-b818-4fd6009c6f35"}}
[debug] [2021-02-25T21:13:00.402Z] [update-projects/ubox-88d86/locations/us-central1/functions/sendMail] Retrying task index 0
[debug] [2021-02-25T21:13:00.403Z] >>> [apiv2][query] GET https://cloudfunctions.googleapis.com/v1/operations/dWJveC04OGQ4Ni91cy1jZW50cmFsMS9zZW5kTWFpbC9jUUhqRll4dzBwSQ [none]
[debug] [2021-02-25T21:13:00.732Z] <<< [apiv2][status] GET https://cloudfunctions.googleapis.com/v1/operations/dWJveC04OGQ4Ni91cy1jZW50cmFsMS9zZW5kTWFpbC9jUUhqRll4dzBwSQ 200
[debug] [2021-02-25T21:13:00.732Z] <<< [apiv2][body] GET https://cloudfunctions.googleapis.com/v1/operations/dWJveC04OGQ4Ni91cy1jZW50cmFsMS9zZW5kTWFpbC9jUUhqRll4dzBwSQ {"name":"operations/dWJveC04OGQ4Ni91cy1jZW50cmFsMS9zZW5kTWFpbC9jUUhqRll4dzBwSQ","metadata":{"@type":"type.googleapis.com/google.cloud.functions.v1.OperationMetadataV1","target":"projects/ubox-88d86/locations/us-central1/functions/sendMail","type":"UPDATE_FUNCTION","request":{"@type":"type.googleapis.com/google.cloud.functions.v1.CloudFunction","name":"projects/ubox-88d86/locations/us-central1/functions/sendMail","httpsTrigger":{},"status":"ACTIVE","entryPoint":"sendMail","timeout":"60s","availableMemoryMb":256,"serviceAccountEmail":"ubox-88d86@appspot.gserviceaccount.com","updateTime":"2021-02-25T21:12:39.973Z","versionId":"23","labels":{"deployment-tool":"cli-firebase"},"sourceUploadUrl":"https://storage.googleapis.com/gcf-upload-us-central1-2f341acf-17ea-429f-928a-4f138e265b90/d1714e5e-1919-4e13-9e9d-a06754d60b5a.zip?GoogleAccessId=service-1056283689543@gcf-admin-robot.iam.gserviceaccount.com&Expires=1614289374&Signature=lrevdayLUFbFveASSj0dLB3iEL3%2Fd8F5qsniT9%2BqfyBzNmdBFyhQx2YvAbtW6InuBMv6V3IoDWyZoFVWOWWVJ9r02A18EUOi8lIFpUShvrVnL48gosoBiPa9%2F8NgqwR%2FzUdXQLnr33RCP2T1oe42bKqp3BGeTENFfnbMeW1QSVPdAIoX%2B11O9NBIjhAhWratWmHAR1BcAUyXg7xOSefW1ntHPBWk4qw6pj9XqfJO0FYfiRYud8RrBoifE7%2F52GGsmfsJVoCSvRxRGjxWuEfkJ4JGHGzUqPOh5NQ%2FBEEimMwF%2BsVUNW1CN0a8vKFG7sSVAQ24p1ydu%2Fcvd40CXbLlOQ%3D%3D","environmentVariables":{"FIREBASE_CONFIG":"{\"projectId\":\"ubox-88d86\",\"storageBucket\":\"ubox-88d86.appspot.com\",\"locationId\":\"us-central\"}"},"runtime":"nodejs12","ingressSettings":"ALLOW_ALL","buildId":"aa9b55ae-5369-4edc-846b-f733330e6407"},"versionId":"24","updateTime":"2021-02-25T21:12:57Z","buildId":"fd2aeab7-d8f3-4193-b818-4fd6009c6f35"}}
[debug] [2021-02-25T21:13:02.733Z] [update-projects/ubox-88d86/locations/us-central1/functions/sendMail] Retrying task index 0
[debug] [2021-02-25T21:13:02.733Z] >>> [apiv2][query] GET https://cloudfunctions.googleapis.com/v1/operations/dWJveC04OGQ4Ni91cy1jZW50cmFsMS9zZW5kTWFpbC9jUUhqRll4dzBwSQ [none]
[debug] [2021-02-25T21:13:03.087Z] <<< [apiv2][status] GET https://cloudfunctions.googleapis.com/v1/operations/dWJveC04OGQ4Ni91cy1jZW50cmFsMS9zZW5kTWFpbC9jUUhqRll4dzBwSQ 200
[debug] [2021-02-25T21:13:03.087Z] <<< [apiv2][body] GET https://cloudfunctions.googleapis.com/v1/operations/dWJveC04OGQ4Ni91cy1jZW50cmFsMS9zZW5kTWFpbC9jUUhqRll4dzBwSQ {"name":"operations/dWJveC04OGQ4Ni91cy1jZW50cmFsMS9zZW5kTWFpbC9jUUhqRll4dzBwSQ","metadata":{"@type":"type.googleapis.com/google.cloud.functions.v1.OperationMetadataV1","target":"projects/ubox-88d86/locations/us-central1/functions/sendMail","type":"UPDATE_FUNCTION","request":{"@type":"type.googleapis.com/google.cloud.functions.v1.CloudFunction","name":"projects/ubox-88d86/locations/us-central1/functions/sendMail","httpsTrigger":{},"status":"ACTIVE","entryPoint":"sendMail","timeout":"60s","availableMemoryMb":256,"serviceAccountEmail":"ubox-88d86@appspot.gserviceaccount.com","updateTime":"2021-02-25T21:12:39.973Z","versionId":"23","labels":{"deployment-tool":"cli-firebase"},"sourceUploadUrl":"https://storage.googleapis.com/gcf-upload-us-central1-2f341acf-17ea-429f-928a-4f138e265b90/d1714e5e-1919-4e13-9e9d-a06754d60b5a.zip?GoogleAccessId=service-1056283689543@gcf-admin-robot.iam.gserviceaccount.com&Expires=1614289374&Signature=lrevdayLUFbFveASSj0dLB3iEL3%2Fd8F5qsniT9%2BqfyBzNmdBFyhQx2YvAbtW6InuBMv6V3IoDWyZoFVWOWWVJ9r02A18EUOi8lIFpUShvrVnL48gosoBiPa9%2F8NgqwR%2FzUdXQLnr33RCP2T1oe42bKqp3BGeTENFfnbMeW1QSVPdAIoX%2B11O9NBIjhAhWratWmHAR1BcAUyXg7xOSefW1ntHPBWk4qw6pj9XqfJO0FYfiRYud8RrBoifE7%2F52GGsmfsJVoCSvRxRGjxWuEfkJ4JGHGzUqPOh5NQ%2FBEEimMwF%2BsVUNW1CN0a8vKFG7sSVAQ24p1ydu%2Fcvd40CXbLlOQ%3D%3D","environmentVariables":{"FIREBASE_CONFIG":"{\"projectId\":\"ubox-88d86\",\"storageBucket\":\"ubox-88d86.appspot.com\",\"locationId\":\"us-central\"}"},"runtime":"nodejs12","ingressSettings":"ALLOW_ALL","buildId":"aa9b55ae-5369-4edc-846b-f733330e6407"},"versionId":"24","updateTime":"2021-02-25T21:12:57Z","buildId":"fd2aeab7-d8f3-4193-b818-4fd6009c6f35"}}
[debug] [2021-02-25T21:13:07.088Z] [update-projects/ubox-88d86/locations/us-central1/functions/sendMail] Retrying task index 0
[debug] [2021-02-25T21:13:07.090Z] >>> [apiv2][query] GET https://cloudfunctions.googleapis.com/v1/operations/dWJveC04OGQ4Ni91cy1jZW50cmFsMS9zZW5kTWFpbC9jUUhqRll4dzBwSQ [none]
[debug] [2021-02-25T21:13:07.492Z] <<< [apiv2][status] GET https://cloudfunctions.googleapis.com/v1/operations/dWJveC04OGQ4Ni91cy1jZW50cmFsMS9zZW5kTWFpbC9jUUhqRll4dzBwSQ 200
[debug] [2021-02-25T21:13:07.492Z] <<< [apiv2][body] GET https://cloudfunctions.googleapis.com/v1/operations/dWJveC04OGQ4Ni91cy1jZW50cmFsMS9zZW5kTWFpbC9jUUhqRll4dzBwSQ {"name":"operations/dWJveC04OGQ4Ni91cy1jZW50cmFsMS9zZW5kTWFpbC9jUUhqRll4dzBwSQ","metadata":{"@type":"type.googleapis.com/google.cloud.functions.v1.OperationMetadataV1","target":"projects/ubox-88d86/locations/us-central1/functions/sendMail","type":"UPDATE_FUNCTION","request":{"@type":"type.googleapis.com/google.cloud.functions.v1.CloudFunction","name":"projects/ubox-88d86/locations/us-central1/functions/sendMail","httpsTrigger":{},"status":"ACTIVE","entryPoint":"sendMail","timeout":"60s","availableMemoryMb":256,"serviceAccountEmail":"ubox-88d86@appspot.gserviceaccount.com","updateTime":"2021-02-25T21:12:39.973Z","versionId":"23","labels":{"deployment-tool":"cli-firebase"},"sourceUploadUrl":"https://storage.googleapis.com/gcf-upload-us-central1-2f341acf-17ea-429f-928a-4f138e265b90/d1714e5e-1919-4e13-9e9d-a06754d60b5a.zip?GoogleAccessId=service-1056283689543@gcf-admin-robot.iam.gserviceaccount.com&Expires=1614289374&Signature=lrevdayLUFbFveASSj0dLB3iEL3%2Fd8F5qsniT9%2BqfyBzNmdBFyhQx2YvAbtW6InuBMv6V3IoDWyZoFVWOWWVJ9r02A18EUOi8lIFpUShvrVnL48gosoBiPa9%2F8NgqwR%2FzUdXQLnr33RCP2T1oe42bKqp3BGeTENFfnbMeW1QSVPdAIoX%2B11O9NBIjhAhWratWmHAR1BcAUyXg7xOSefW1ntHPBWk4qw6pj9XqfJO0FYfiRYud8RrBoifE7%2F52GGsmfsJVoCSvRxRGjxWuEfkJ4JGHGzUqPOh5NQ%2FBEEimMwF%2BsVUNW1CN0a8vKFG7sSVAQ24p1ydu%2Fcvd40CXbLlOQ%3D%3D","environmentVariables":{"FIREBASE_CONFIG":"{\"projectId\":\"ubox-88d86\",\"storageBucket\":\"ubox-88d86.appspot.com\",\"locationId\":\"us-central\"}"},"runtime":"nodejs12","ingressSettings":"ALLOW_ALL","buildId":"aa9b55ae-5369-4edc-846b-f733330e6407"},"versionId":"24","updateTime":"2021-02-25T21:12:57Z","buildId":"fd2aeab7-d8f3-4193-b818-4fd6009c6f35"}}
[debug] [2021-02-25T21:13:15.496Z] [update-projects/ubox-88d86/locations/us-central1/functions/sendMail] Retrying task index 0
[debug] [2021-02-25T21:13:15.497Z] >>> [apiv2][query] GET https://cloudfunctions.googleapis.com/v1/operations/dWJveC04OGQ4Ni91cy1jZW50cmFsMS9zZW5kTWFpbC9jUUhqRll4dzBwSQ [none]
[debug] [2021-02-25T21:13:15.761Z] <<< [apiv2][status] GET https://cloudfunctions.googleapis.com/v1/operations/dWJveC04OGQ4Ni91cy1jZW50cmFsMS9zZW5kTWFpbC9jUUhqRll4dzBwSQ 200
[debug] [2021-02-25T21:13:15.761Z] <<< [apiv2][body] GET https://cloudfunctions.googleapis.com/v1/operations/dWJveC04OGQ4Ni91cy1jZW50cmFsMS9zZW5kTWFpbC9jUUhqRll4dzBwSQ {"name":"operations/dWJveC04OGQ4Ni91cy1jZW50cmFsMS9zZW5kTWFpbC9jUUhqRll4dzBwSQ","metadata":{"@type":"type.googleapis.com/google.cloud.functions.v1.OperationMetadataV1","target":"projects/ubox-88d86/locations/us-central1/functions/sendMail","type":"UPDATE_FUNCTION","request":{"@type":"type.googleapis.com/google.cloud.functions.v1.CloudFunction","name":"projects/ubox-88d86/locations/us-central1/functions/sendMail","httpsTrigger":{},"status":"ACTIVE","entryPoint":"sendMail","timeout":"60s","availableMemoryMb":256,"serviceAccountEmail":"ubox-88d86@appspot.gserviceaccount.com","updateTime":"2021-02-25T21:12:39.973Z","versionId":"23","labels":{"deployment-tool":"cli-firebase"},"sourceUploadUrl":"https://storage.googleapis.com/gcf-upload-us-central1-2f341acf-17ea-429f-928a-4f138e265b90/d1714e5e-1919-4e13-9e9d-a06754d60b5a.zip?GoogleAccessId=service-1056283689543@gcf-admin-robot.iam.gserviceaccount.com&Expires=1614289374&Signature=lrevdayLUFbFveASSj0dLB3iEL3%2Fd8F5qsniT9%2BqfyBzNmdBFyhQx2YvAbtW6InuBMv6V3IoDWyZoFVWOWWVJ9r02A18EUOi8lIFpUShvrVnL48gosoBiPa9%2F8NgqwR%2FzUdXQLnr33RCP2T1oe42bKqp3BGeTENFfnbMeW1QSVPdAIoX%2B11O9NBIjhAhWratWmHAR1BcAUyXg7xOSefW1ntHPBWk4qw6pj9XqfJO0FYfiRYud8RrBoifE7%2F52GGsmfsJVoCSvRxRGjxWuEfkJ4JGHGzUqPOh5NQ%2FBEEimMwF%2BsVUNW1CN0a8vKFG7sSVAQ24p1ydu%2Fcvd40CXbLlOQ%3D%3D","environmentVariables":{"FIREBASE_CONFIG":"{\"projectId\":\"ubox-88d86\",\"storageBucket\":\"ubox-88d86.appspot.com\",\"locationId\":\"us-central\"}"},"runtime":"nodejs12","ingressSettings":"ALLOW_ALL","buildId":"aa9b55ae-5369-4edc-846b-f733330e6407"},"versionId":"24","updateTime":"2021-02-25T21:12:57Z","buildId":"fd2aeab7-d8f3-4193-b818-4fd6009c6f35"}}
